# JRE version: OpenJDK Runtime Environment Temurin-17.0.2+8 (17.0.2+8) (build 17.0.2+8)
# Java VM: OpenJDK 64-Bit Server VM Temurin-17.0.2+8 (17.0.2+8, mixed mode, emulated-client, tiered, compressed oops, compressed class ptrs, g1 gc, windows-amd64)
GC Precious Log:
 CPUs: 8 total, 8 available
 Memory: 8079M
 Large Page Support: Disabled
 NUMA Support: Disabled
 Compressed Oops: Enabled (32-bit)
 Heap Region Size: 1M
 Heap Min Capacity: 8M
 Heap Initial Capacity: 128M
 Heap Max Capacity: 2020M
 Pre-touch: Disabled
 Parallel Workers: 8
 Concurrent Workers: 2
 Concurrent Refinement Workers: 8
 Periodic GC: Disabled
Heap:
 garbage-first heap   total 34816K, used 9786K [0x0000000081c00000, 0x0000000100000000)
  region size 1024K, 1 young (1024K), 0 survivors (0K)
 Metaspace       used 27677K, committed 28032K, reserved 1081344K
  class space    used 3627K, committed 3776K, reserved 1048576K
GC Heap History (14 events):
Event: 1.322 GC heap before
{Heap before GC invocations=0 (full 0):
 garbage-first heap   total 131072K, used 22528K [0x0000000081c00000, 0x0000000100000000)
  region size 1024K, 23 young (23552K), 0 survivors (0K)
 Metaspace       used 12292K, committed 12480K, reserved 1064960K
  class space    used 1438K, committed 1536K, reserved 1048576K
}
Event: 1.329 GC heap after
{Heap after GC invocations=1 (full 0):
 garbage-first heap   total 131072K, used 5790K [0x0000000081c00000, 0x0000000100000000)
  region size 1024K, 3 young (3072K), 3 survivors (3072K)
 Metaspace       used 12292K, committed 12480K, reserved 1064960K
  class space    used 1438K, committed 1536K, reserved 1048576K
}
Event: 2.219 GC heap before
{Heap before GC invocations=1 (full 0):
 garbage-first heap   total 131072K, used 33438K [0x0000000081c00000, 0x0000000100000000)
  region size 1024K, 30 young (30720K), 3 survivors (3072K)
 Metaspace       used 19761K, committed 19968K, reserved 1073152K
  class space    used 2460K, committed 2560K, reserved 1048576K
}
Event: 2.230 GC heap after
{Heap after GC invocations=2 (full 0):
 garbage-first heap   total 131072K, used 8781K [0x0000000081c00000, 0x0000000100000000)
  region size 1024K, 3 young (3072K), 3 survivors (3072K)
 Metaspace       used 19761K, committed 19968K, reserved 1073152K
  class space    used 2460K, committed 2560K, reserved 1048576K
}
Event: 2.569 GC heap before
{Heap before GC invocations=2 (full 0):
 garbage-first heap   total 131072K, used 20045K [0x0000000081c00000, 0x0000000100000000)
  region size 1024K, 15 young (15360K), 3 survivors (3072K)
 Metaspace       used 21278K, committed 21504K, reserved 1073152K
  class space    used 2661K, committed 2752K, reserved 1048576K
}
Event: 2.576 GC heap after
{Heap after GC invocations=3 (full 0):
 garbage-first heap   total 131072K, used 9730K [0x0000000081c00000, 0x0000000100000000)
  region size 1024K, 4 young (4096K), 4 survivors (4096K)
 Metaspace       used 21278K, committed 21504K, reserved 1073152K
  class space    used 2661K, committed 2752K, reserved 1048576K
}
Event: 3.223 GC heap before
{Heap before GC invocations=4 (full 0):
 garbage-first heap   total 37888K, used 27138K [0x0000000081c00000, 0x0000000100000000)
  region size 1024K, 22 young (22528K), 4 survivors (4096K)
 Metaspace       used 24150K, committed 24448K, reserved 1073152K
  class space    used 3102K, committed 3264K, reserved 1048576K
}
Event: 3.235 GC heap after
{Heap after GC invocations=5 (full 0):
 garbage-first heap   total 37888K, used 11693K [0x0000000081c00000, 0x0000000100000000)
  region size 1024K, 3 young (3072K), 3 survivors (3072K)
 Metaspace       used 24150K, committed 24448K, reserved 1073152K
  class space    used 3102K, committed 3264K, reserved 1048576K
}
Event: 3.846 GC heap before
{Heap before GC invocations=5 (full 0):
 garbage-first heap   total 37888K, used 26029K [0x0000000081c00000, 0x0000000100000000)
  region size 1024K, 17 young (17408K), 3 survivors (3072K)
 Metaspace       used 26910K, committed 27136K, reserved 1073152K
  class space    used 3516K, committed 3648K, reserved 1048576K
}
Event: 3.850 GC heap after
{Heap after GC invocations=6 (full 0):
 garbage-first heap   total 37888K, used 13302K [0x0000000081c00000, 0x0000000100000000)
  region size 1024K, 2 young (2048K), 2 survivors (2048K)
 Metaspace       used 26910K, committed 27136K, reserved 1073152K
  class space    used 3516K, committed 3648K, reserved 1048576K
}
Event: 44.227 GC heap before
{Heap before GC invocations=6 (full 0):
 garbage-first heap   total 37888K, used 17398K [0x0000000081c00000, 0x0000000100000000)
  region size 1024K, 7 young (7168K), 2 survivors (2048K)
 Metaspace       used 27753K, committed 28032K, reserved 1081344K
  class space    used 3646K, committed 3776K, reserved 1048576K
}
Event: 44.261 GC heap after
{Heap after GC invocations=7 (full 1):
 garbage-first heap   total 37888K, used 12498K [0x0000000081c00000, 0x0000000100000000)
  region size 1024K, 0 young (0K), 0 survivors (0K)
 Metaspace       used 27753K, committed 28032K, reserved 1081344K
  class space    used 3646K, committed 3776K, reserved 1048576K
}
Event: 54.602 GC heap before
{Heap before GC invocations=7 (full 1):
 garbage-first heap   total 37888K, used 12498K [0x0000000081c00000, 0x0000000100000000)
  region size 1024K, 1 young (1024K), 0 survivors (0K)
 Metaspace       used 27753K, committed 28032K, reserved 1081344K
  class space    used 3646K, committed 3776K, reserved 1048576K
}
Event: 54.633 GC heap after
{Heap after GC invocations=8 (full 2):
 garbage-first heap   total 34816K, used 9786K [0x0000000081c00000, 0x0000000100000000)
  region size 1024K, 0 young (0K), 0 survivors (0K)
 Metaspace       used 27677K, committed 28032K, reserved 1081344K
  class space    used 3627K, committed 3776K, reserved 1048576K
}

