# JRE version: OpenJDK Runtime Environment Temurin-17.0.2+8 (17.0.2+8) (build 17.0.2+8)
# Java VM: OpenJDK 64-Bit Server VM Temurin-17.0.2+8 (17.0.2+8, mixed mode, emulated-client, tiered, compressed oops, compressed class ptrs, g1 gc, windows-amd64)
GC Precious Log:
 CPUs: 8 total, 8 available
 Memory: 8079M
 Large Page Support: Disabled
 NUMA Support: Disabled
 Compressed Oops: Enabled (32-bit)
 Heap Region Size: 1M
 Heap Min Capacity: 8M
 Heap Initial Capacity: 128M
 Heap Max Capacity: 2020M
 Pre-touch: Disabled
 Parallel Workers: 8
 Concurrent Workers: 2
 Concurrent Refinement Workers: 8
 Periodic GC: Disabled
Heap:
 garbage-first heap   total 86016K, used 25642K [0x0000000081c00000, 0x0000000100000000)
  region size 1024K, 1 young (1024K), 0 survivors (0K)
 Metaspace       used 42894K, committed 43264K, reserved 1089536K
  class space    used 5499K, committed 5696K, reserved 1048576K
GC Heap History (20 events):
Event: 36942.867 GC heap before
{Heap before GC invocations=845 (full 410):
 garbage-first heap   total 86016K, used 25839K [0x0000000081c00000, 0x0000000100000000)
  region size 1024K, 1 young (1024K), 0 survivors (0K)
 Metaspace       used 42967K, committed 43328K, reserved 1089536K
  class space    used 5511K, committed 5696K, reserved 1048576K
}
Event: 36942.998 GC heap after
{Heap after GC invocations=846 (full 411):
 garbage-first heap   total 86016K, used 25570K [0x0000000081c00000, 0x0000000100000000)
  region size 1024K, 0 young (0K), 0 survivors (0K)
 Metaspace       used 42869K, committed 43264K, reserved 1089536K
  class space    used 5494K, committed 5696K, reserved 1048576K
}
Event: 36960.542 GC heap before
{Heap before GC invocations=846 (full 411):
 garbage-first heap   total 86016K, used 69602K [0x0000000081c00000, 0x0000000100000000)
  region size 1024K, 44 young (45056K), 0 survivors (0K)
 Metaspace       used 42869K, committed 43264K, reserved 1089536K
  class space    used 5494K, committed 5696K, reserved 1048576K
}
Event: 36960.544 GC heap after
{Heap after GC invocations=847 (full 411):
 garbage-first heap   total 86016K, used 26913K [0x0000000081c00000, 0x0000000100000000)
  region size 1024K, 2 young (2048K), 2 survivors (2048K)
 Metaspace       used 42869K, committed 43264K, reserved 1089536K
  class space    used 5494K, committed 5696K, reserved 1048576K
}
Event: 36969.063 GC heap before
{Heap before GC invocations=848 (full 411):
 garbage-first heap   total 86016K, used 68897K [0x0000000081c00000, 0x0000000100000000)
  region size 1024K, 43 young (44032K), 2 survivors (2048K)
 Metaspace       used 42869K, committed 43264K, reserved 1089536K
  class space    used 5494K, committed 5696K, reserved 1048576K
}
Event: 36969.065 GC heap after
{Heap after GC invocations=849 (full 411):
 garbage-first heap   total 86016K, used 26431K [0x0000000081c00000, 0x0000000100000000)
  region size 1024K, 1 young (1024K), 1 survivors (1024K)
 Metaspace       used 42869K, committed 43264K, reserved 1089536K
  class space    used 5494K, committed 5696K, reserved 1048576K
}
Event: 36971.919 GC heap before
{Heap before GC invocations=849 (full 411):
 garbage-first heap   total 86016K, used 70463K [0x0000000081c00000, 0x0000000100000000)
  region size 1024K, 44 young (45056K), 1 survivors (1024K)
 Metaspace       used 42889K, committed 43264K, reserved 1089536K
  class space    used 5498K, committed 5696K, reserved 1048576K
}
Event: 36971.921 GC heap after
{Heap after GC invocations=850 (full 411):
 garbage-first heap   total 86016K, used 26767K [0x0000000081c00000, 0x0000000100000000)
  region size 1024K, 2 young (2048K), 2 survivors (2048K)
 Metaspace       used 42889K, committed 43264K, reserved 1089536K
  class space    used 5498K, committed 5696K, reserved 1048576K
}
Event: 36974.158 GC heap before
{Heap before GC invocations=851 (full 411):
 garbage-first heap   total 86016K, used 69775K [0x0000000081c00000, 0x0000000100000000)
  region size 1024K, 44 young (45056K), 2 survivors (2048K)
 Metaspace       used 42889K, committed 43264K, reserved 1089536K
  class space    used 5498K, committed 5696K, reserved 1048576K
}
Event: 36974.159 GC heap after
{Heap after GC invocations=852 (full 411):
 garbage-first heap   total 86016K, used 26521K [0x0000000081c00000, 0x0000000100000000)
  region size 1024K, 1 young (1024K), 1 survivors (1024K)
 Metaspace       used 42889K, committed 43264K, reserved 1089536K
  class space    used 5498K, committed 5696K, reserved 1048576K
}
Event: 36989.300 GC heap before
{Heap before GC invocations=852 (full 411):
 garbage-first heap   total 86016K, used 70553K [0x0000000081c00000, 0x0000000100000000)
  region size 1024K, 44 young (45056K), 1 survivors (1024K)
 Metaspace       used 42889K, committed 43264K, reserved 1089536K
  class space    used 5498K, committed 5696K, reserved 1048576K
}
Event: 36989.302 GC heap after
{Heap after GC invocations=853 (full 411):
 garbage-first heap   total 86016K, used 26855K [0x0000000081c00000, 0x0000000100000000)
  region size 1024K, 2 young (2048K), 2 survivors (2048K)
 Metaspace       used 42889K, committed 43264K, reserved 1089536K
  class space    used 5498K, committed 5696K, reserved 1048576K
}
Event: 37008.152 GC heap before
{Heap before GC invocations=854 (full 411):
 garbage-first heap   total 86016K, used 63719K [0x0000000081c00000, 0x0000000100000000)
  region size 1024K, 39 young (39936K), 2 survivors (2048K)
 Metaspace       used 42889K, committed 43264K, reserved 1089536K
  class space    used 5498K, committed 5696K, reserved 1048576K
}
Event: 37008.155 GC heap after
{Heap after GC invocations=855 (full 411):
 garbage-first heap   total 86016K, used 27113K [0x0000000081c00000, 0x0000000100000000)
  region size 1024K, 2 young (2048K), 2 survivors (2048K)
 Metaspace       used 42889K, committed 43264K, reserved 1089536K
  class space    used 5498K, committed 5696K, reserved 1048576K
}
Event: 37058.191 GC heap before
{Heap before GC invocations=856 (full 411):
 garbage-first heap   total 86016K, used 72169K [0x0000000081c00000, 0x0000000100000000)
  region size 1024K, 43 young (44032K), 2 survivors (2048K)
 Metaspace       used 42989K, committed 43456K, reserved 1089536K
  class space    used 5516K, committed 5760K, reserved 1048576K
}
Event: 37058.195 GC heap after
{Heap after GC invocations=857 (full 411):
 garbage-first heap   total 86016K, used 28565K [0x0000000081c00000, 0x0000000100000000)
  region size 1024K, 3 young (3072K), 3 survivors (3072K)
 Metaspace       used 42989K, committed 43456K, reserved 1089536K
  class space    used 5516K, committed 5760K, reserved 1048576K
}
Event: 37061.382 GC heap before
{Heap before GC invocations=857 (full 411):
 garbage-first heap   total 86016K, used 68501K [0x0000000081c00000, 0x0000000100000000)
  region size 1024K, 42 young (43008K), 3 survivors (3072K)
 Metaspace       used 42989K, committed 43456K, reserved 1089536K
  class space    used 5516K, committed 5760K, reserved 1048576K
}
Event: 37061.384 GC heap after
{Heap after GC invocations=858 (full 411):
 garbage-first heap   total 86016K, used 28760K [0x0000000081c00000, 0x0000000100000000)
  region size 1024K, 4 young (4096K), 4 survivors (4096K)
 Metaspace       used 42989K, committed 43456K, reserved 1089536K
  class space    used 5516K, committed 5760K, reserved 1048576K
}
Event: 37103.376 GC heap before
{Heap before GC invocations=859 (full 411):
 garbage-first heap   total 86016K, used 32409K [0x0000000081c00000, 0x0000000100000000)
  region size 1024K, 9 young (9216K), 4 survivors (4096K)
 Metaspace       used 42989K, committed 43456K, reserved 1089536K
  class space    used 5516K, committed 5760K, reserved 1048576K
}
Event: 37103.428 GC heap after
{Heap after GC invocations=860 (full 412):
 garbage-first heap   total 86016K, used 25642K [0x0000000081c00000, 0x0000000100000000)
  region size 1024K, 0 young (0K), 0 survivors (0K)
 Metaspace       used 42894K, committed 43264K, reserved 1089536K
  class space    used 5499K, committed 5696K, reserved 1048576K
}

